<?xml version="1.0" encoding="UTF-8"?>
<testng-results ignored="0" total="1" passed="1" failed="0" skipped="0">
  <reporter-output>
  </reporter-output>
  <suite started-at="2022-04-01T21:02:47 PET" name="Surefire suite" finished-at="2022-04-01T21:02:48 PET" duration-ms="284">
    <groups>
    </groups>
    <test started-at="2022-04-01T21:02:47 PET" name="Surefire test" finished-at="2022-04-01T21:02:48 PET" duration-ms="284">
      <class name="lab.ManageDemandTest">
        <test-method is-config="true" signature="setup()[pri:0, instance:lab.ManageDemandTest@70331432]" started-at="2022-04-01T21:02:47 PET" name="setup" finished-at="2022-04-01T21:02:47 PET" duration-ms="87" status="PASS">
          <reporter-output>
          </reporter-output>
        </test-method> <!-- setup -->
        <test-method signature="test_AllOrdersFromPeru()[pri:0, instance:lab.ManageDemandTest@70331432]" started-at="2022-04-01T21:02:47 PET" name="test_AllOrdersFromPeru" finished-at="2022-04-01T21:02:48 PET" duration-ms="40" status="PASS">
          <reporter-output>
          </reporter-output>
        </test-method> <!-- test_AllOrdersFromPeru -->
      </class> <!-- lab.ManageDemandTest -->
    </test> <!-- Surefire test -->
  </suite> <!-- Surefire suite -->
</testng-results>
